Log: Log file open, 11/08/24 17:07:03
Log: WinSock: version 1.1 (2.2), MaxSocks=32767, MaxUdp=65467
Log: Version: 8638
Log: Compiled (32-bit): Apr 22 2019 22:05:48
Log: Changelist: 1890495
Log: Command line: 
Log: Base directory: E:\Games\Borderlands 2 - Remastered\Binaries\Win32\
[0000.63] Log: CPU Page size=4096, Processors=20
[0000.63] Log: High frequency timer resolution =10.000000 MHz
[0000.63] Log: Memory total: Physical=31.7GB Pagefile=37.7GB Virtual=4.0GB
[0000.63] Log: STEAMWORKS initialized 1
[0000.63] Log: Presizing for 0 objects not considered by GC, pre-allocating 0 bytes.
[0000.63] Log: Presizing GObjAvailable to 262144 slots (~1048576 bytes)
[0000.63] Log: Object subsystem initialized
[0000.63] Log:   Steamworks-provided language string: english
[0000.89] Log: OS stats:
[0000.89] Log: 	Windows 7 
[0000.89] Log: 	RemoteDesktop=0
[0000.89] Log: Memory stats:
[0000.89] Log: 	Physical: 32472MB
[0000.89] Log: 	Virtual: 4095MB
[0000.89] Log: 	PageFile: 38616MB
[0000.89] Log: CPU stats:
[0000.89] Log: 	MeasuredPerformanceTime: 41.543 (stored result)
[0000.89] Log: 	Hyperthreaded: 1
[0000.89] Log: 	NumProcessorsPerCPU: 1
[0000.89] Log: 	NumLogicalProcessors: 20
[0000.89] Log: 	NumPhysicalProcessors: 64
[0000.89] Log: 	MaxSpeed: 2700
[0000.89] Log: 	CurrentSpeed: 2700
[0000.89] Log: 	CoresPerProcessor: 64
[0000.89] Log: 	IsOnBattery: 0
[0000.89] Log: 	BatteryLevel: 79
[0000.89] Log: 	Manufacturer: Intel
[0000.89] Log: 	CPUName: INTEL Pentium-III
[0000.89] Log: 	L1CacheSize: -1
[0000.89] Log: 	L2CacheSize: -1
[0000.89] Log: 	Architecture: x86
[0000.89] Log: GPU stats:
[0000.89] Log: 	VendorID: 000010DE
[0000.89] Log: 	DeviceID: 000025A2
[0000.89] Log: 	DriverVersion: 32.0.15.6590
[0000.89] Log: 	DeviceName: NVIDIA GeForce RTX 3050 Laptop GPU
[0000.89] Log: 	DriverName: nvldumd.dll
[0000.89] Log: 	PixelShaderVersion: 3
[0000.89] Log: 	VertexShaderVersion: 3
[0000.89] Log: 	VRAMQuantity: 128
[0000.89] Log: 	DedicatedVRAM: 128
[0000.89] Log: 	AdapterCount: 1
[0000.89] Log: 	SupportsHardwareTnL: 1
[0000.89] Log: 	IsLowMemoryXPMachine: 0
[0000.89] Log: Machine  detected compatibility level: Composite: 2. CPU: 5. GPU: 2.
[0000.89] Log: Previous detected compatibility level: Composite: 2. CPU: 5. GPU: 2.
[0000.99] Log: Shader platform (RHI): PC-D3D-SM3
[0001.14] Log: PhysX GPU Support: ENABLED
[0001.40] Log: Initializing FaceFX...
[0001.40] Log: FaceFX 1.7.4 initialized.
[0005.68] Log: Finished loading startup packages in 4.15 seconds
[0005.69] Log: 155051 objects as part of root set at end of initial load.
[0005.69] Log: Initializing Engine...
[0005.71] Log: UEngine initialized
[0005.81] Log: AK Audio Device initialized.
[0005.88] Log: Client initialized
[0006.68] Log: Initializing Steamworks
[0007.22] Log: Primary PhysX scene will be in software.
[0007.22] Log: Creating Primary PhysX Scene.
[0007.23] Log: Bringing World menumap.TheWorld up for play (120) at 2024.11.08-17.07.10
[0007.24] Log: Bringing up level for play took: 0.126337
[0007.26] Log: Game engine initialized
[0007.28] Log: Initializing Engine Completed
[0016.59] Log: >>>>>>>>>>>>>> Initial startup: 16.59s <<<<<<<<<<<<<<<
[0036.76] Log: Primary PhysX scene will be in software.
[0036.76] Log: Creating Primary PhysX Scene.
[0036.77] Log: Bringing World ExampleEntry.TheWorld up for play (120) at 2024.11.08-17.07.39
[0036.77] Log: Bringing up level for play took: 0.015163
[0036.83] Log: Primary PhysX scene will be in software.
[0036.83] Log: Creating Primary PhysX Scene.
[0036.85] Log: Bringing World Loader.TheWorld up for play (120) at 2024.11.08-17.07.39
[0036.85] Log: Bringing up level for play took: 0.020194
[0036.85] Log: Using cached profile data instead of reading
[0036.85] Log: Using cached profile data instead of reading
[0041.94] Log: Failed to write profile (469 bytes) to disk!
[0966.03] Log: Failed to write profile (469 bytes) to disk!
[2128.94] Log: Failed to write profile (469 bytes) to disk!
[2137.64] Log: Primary PhysX scene will be in software.
[2137.64] Log: Creating Primary PhysX Scene.
[2150.26] Log: Primary PhysX scene will be in software.
[2150.26] Log: Creating Primary PhysX Scene.
[2150.27] Log: Bringing World menumap.TheWorld up for play (120) at 2024.11.08-17.42.53
[2150.28] Log: Bringing up level for play took: 0.303299
[2150.29] Log: Using cached profile data instead of reading
[2150.29] Log: Using cached profile data instead of reading
[2154.31] Log: Closing by request
[2154.34] Log: Preparing to exit.
[2154.67] Log: Game engine shut down
[2154.75] Log: Windows client shut down
[2154.76] Log: AK Audio shut down.
[2154.98] Log: Object subsystem successfully closed.
[2155.04] Log: Shutting down FaceFX...
[2155.04] Log: FaceFX shutdown.
[2155.19] Log: Exiting.
[2155.20] Log: Log file closed, 11/08/24 17:42:57
