Log: Log file open, 11/07/24 23:38:14
Log: WinSock: version 1.1 (2.2), MaxSocks=32767, MaxUdp=65467
Log: Version: 8638
Log: Compiled (32-bit): Apr 22 2019 22:05:48
Log: Changelist: 1890495
Log: Command line: 
Log: Base directory: E:\Games\Borderlands 2 - Remastered\Binaries\Win32\
[0000.60] Log: CPU Page size=4096, Processors=20
[0000.60] Log: High frequency timer resolution =10.000000 MHz
[0000.60] Log: Memory total: Physical=31.7GB Pagefile=37.5GB Virtual=4.0GB
[0000.60] Log: STEAMWORKS initialized 1
[0000.60] Log: Presizing for 0 objects not considered by GC, pre-allocating 0 bytes.
[0000.60] Log: Presizing GObjAvailable to 262144 slots (~1048576 bytes)
[0000.60] Log: Object subsystem initialized
[0000.60] Log:   Steamworks-provided language string: english
[0001.38] Log: OS stats:
[0001.38] Log: 	Windows 7 
[0001.38] Log: 	RemoteDesktop=0
[0001.38] Log: Memory stats:
[0001.38] Log: 	Physical: 32472MB
[0001.38] Log: 	Virtual: 4095MB
[0001.38] Log: 	PageFile: 38360MB
[0001.38] Log: CPU stats:
[0001.38] Log: 	MeasuredPerformanceTime: 41.543 (stored result)
[0001.38] Log: 	Hyperthreaded: 1
[0001.38] Log: 	NumProcessorsPerCPU: 1
[0001.38] Log: 	NumLogicalProcessors: 20
[0001.38] Log: 	NumPhysicalProcessors: 64
[0001.38] Log: 	MaxSpeed: 2700
[0001.38] Log: 	CurrentSpeed: 2700
[0001.38] Log: 	CoresPerProcessor: 64
[0001.38] Log: 	IsOnBattery: 0
[0001.38] Log: 	BatteryLevel: 79
[0001.38] Log: 	Manufacturer: Intel
[0001.38] Log: 	CPUName: INTEL Pentium-III
[0001.38] Log: 	L1CacheSize: -1
[0001.38] Log: 	L2CacheSize: -1
[0001.38] Log: 	Architecture: x86
[0001.38] Log: GPU stats:
[0001.38] Log: 	VendorID: 000010DE
[0001.38] Log: 	DeviceID: 000025A2
[0001.38] Log: 	DriverVersion: 32.0.15.6590
[0001.38] Log: 	DeviceName: NVIDIA GeForce RTX 3050 Laptop GPU
[0001.38] Log: 	DriverName: nvldumd.dll
[0001.38] Log: 	PixelShaderVersion: 3
[0001.38] Log: 	VertexShaderVersion: 3
[0001.38] Log: 	VRAMQuantity: 128
[0001.38] Log: 	DedicatedVRAM: 128
[0001.38] Log: 	AdapterCount: 1
[0001.38] Log: 	SupportsHardwareTnL: 1
[0001.38] Log: 	IsLowMemoryXPMachine: 0
[0001.38] Log: Machine  detected compatibility level: Composite: 2. CPU: 5. GPU: 2.
[0001.38] Log: Previous detected compatibility level: Composite: 2. CPU: 5. GPU: 2.
[0001.48] Log: Shader platform (RHI): PC-D3D-SM3
[0001.56] Log: PhysX GPU Support: ENABLED
[0001.77] Log: Initializing FaceFX...
[0001.77] Log: FaceFX 1.7.4 initialized.
[0005.71] Log: Finished loading startup packages in 3.85 seconds
[0005.72] Log: 155051 objects as part of root set at end of initial load.
[0005.72] Log: Initializing Engine...
[0005.74] Log: UEngine initialized
[0005.81] Log: AK Audio Device initialized.
[0005.88] Log: Client initialized
[0006.67] Log: Initializing Steamworks
[0007.08] Log: Primary PhysX scene will be in software.
[0007.08] Log: Creating Primary PhysX Scene.
[0007.10] Log: Bringing World menumap.TheWorld up for play (120) at 2024.11.07-23.38.20
[0007.11] Log: Bringing up level for play took: 0.109602
[0007.12] Log: Game engine initialized
[0007.14] Log: Initializing Engine Completed
[0024.62] Log: >>>>>>>>>>>>>> Initial startup: 24.62s <<<<<<<<<<<<<<<
[0050.96] Log: Failed to write profile (448 bytes) to disk!
[0052.23] Log: Primary PhysX scene will be in software.
[0052.23] Log: Creating Primary PhysX Scene.
[0052.24] Log: Bringing World ExampleEntry.TheWorld up for play (120) at 2024.11.07-23.39.05
[0052.24] Log: Bringing up level for play took: 0.016664
[0052.30] Log: Primary PhysX scene will be in software.
[0052.30] Log: Creating Primary PhysX Scene.
[0052.32] Log: Bringing World Loader.TheWorld up for play (120) at 2024.11.07-23.39.05
[0052.32] Log: Bringing up level for play took: 0.022951
[0052.32] Log: Using cached profile data instead of reading
[0052.32] Log: Using cached profile data instead of reading
[0057.37] Log: Failed to write profile (469 bytes) to disk!
[0518.96] Log: Failed to write profile (469 bytes) to disk!
[0643.61] Log: Failed to write profile (469 bytes) to disk!
[0773.09] Log: