Log: Log file open, 11/06/24 16:23:28
Log: WinSock: version 1.1 (2.2), MaxSocks=32767, MaxUdp=65467
Log: Version: 8638
Log: Compiled (32-bit): Apr 22 2019 22:05:48
Log: Changelist: 1890495
Log: Command line: 
Log: Base directory: E:\Games\Borderlands 2 - Remastered\Binaries\Win32\
[0000.52] Log: CPU Page size=4096, Processors=20
[0000.52] Log: High frequency timer resolution =10.000000 MHz
[0000.52] Log: Memory total: Physical=31.7GB Pagefile=37.2GB Virtual=4.0GB
[0000.52] Log: STEAMWORKS initialized 1
[0000.52] Log: Presizing for 0 objects not considered by GC, pre-allocating 0 bytes.
[0000.52] Log: Presizing GObjAvailable to 262144 slots (~1048576 bytes)
[0000.52] Log: Object subsystem initialized
[0000.52] Log:   Steamworks-provided language string: english
[0000.74] Log: OS stats:
[0000.74] Log: 	Windows 7 
[0000.74] Log: 	RemoteDesktop=0
[0000.74] Log: Memory stats:
[0000.74] Log: 	Physical: 32472MB
[0000.74] Log: 	Virtual: 4095MB
[0000.74] Log: 	PageFile: 38104MB
[0000.74] Log: CPU stats:
[0000.74] Log: 	MeasuredPerformanceTime: 41.543 (stored result)
[0000.74] Log: 	Hyperthreaded: 1
[0000.74] Log: 	NumProcessorsPerCPU: 1
[0000.74] Log: 	NumLogicalProcessors: 20
[0000.74] Log: 	NumPhysicalProcessors: 64
[0000.74] Log: 	MaxSpeed: 2700
[0000.74] Log: 	CurrentSpeed: 1489
[0000.74] Log: 	CoresPerProcessor: 64
[0000.74] Log: 	IsOnBattery: 0
[0000.74] Log: 	BatteryLevel: 79
[0000.74] Log: 	Manufacturer: Intel
[0000.74] Log: 	CPUName: INTEL Pentium-III
[0000.74] Log: 	L1CacheSize: -1
[0000.74] Log: 	L2CacheSize: -1
[0000.74] Log: 	Architecture: x86
[0000.74] Log: GPU stats:
[0000.74] Log: 	VendorID: 000010DE
[0000.74] Log: 	DeviceID: 000025A2
[0000.74] Log: 	DriverVersion: 32.0.15.6590
[0000.74] Log: 	DeviceName: NVIDIA GeForce RTX 3050 Laptop GPU
[0000.74] Log: 	DriverName: nvldumd.dll
[0000.74] Log: 	PixelShaderVersion: 3
[0000.74] Log: 	VertexShaderVersion: 3
[0000.74] Log: 	VRAMQuantity: 128
[0000.74] Log: 	DedicatedVRAM: 128
[0000.74] Log: 	AdapterCount: 1
[0000.74] Log: 	SupportsHardwareTnL: 1
[0000.74] Log: 	IsLowMemoryXPMachine: 0
[0000.74] Log: Machine  detected compatibility level: Composite: 2. CPU: 5. GPU: 2.
[0000.74] Log: Previous detected compatibility level: Composite: 2. CPU: 5. GPU: 2.
[0000.84] Log: Shader platform (RHI): PC-D3D-SM3
[0000.89] Log: PhysX GPU Support: ENABLED
[0002.60] Log: Initializing FaceFX...
[0002.60] Log: FaceFX 1.7.4 initialized.
[0006.68] Log: Finished loading startup packages in 3.99 seconds
[0006.69] Log: 155051 objects as part of root set at end of initial load.
[0006.69] Log: Initializing Engine...
[0006.70] Log: UEngine initialized
[0006.78] Log: AK Audio Device initialized.
[0006.83] Log: Client initialized
[0008.26] Log: Initializing Steamworks
[0008.57] Log: Primary PhysX scene will be in software.
[0008.57] Log: Creating Primary PhysX Scene.
[0008.59] Log: Bringing World menumap.TheWorld up for play (120) at 2024.11.06-16.23.36
[0008.60] Log: Bringing up level for play took: 0.126386
[0008.61] Log: Game engine initialized
[0008.63] Log: Initializing Engine Completed
[0010.97] Log: >>>>>>>>>>>>>> Initial startup: 10.97s <<<<<<<<<<<<<<<
[0101.52] Log: Primary PhysX scene will be in software.
[0101.52] Log: Creating Primary PhysX Scene.
[0101.55] Log: Bringing World ExampleEntry.TheWorld up for play (120) at 2024.11.06-16.25.09
[0101.55] Log: Bringing up level for play took: 0.030679
[0101.64] Log: Primary PhysX scene will be in software.
[0101.64] Log: Creating Primary PhysX Scene.
[0101.67] Log: Bringing World Loader.TheWorld up for play (120) at 2024.11.06-16.25.09
[0101.67] Log: Bringing up level for play took: 0.044719
[0101.67] Log: Using cached profile data instead of reading
[0101.67] Log: Using cached profile data instead of reading
[0512.77] Log: Wrote profile (450 bytes) to disk.
[0961.10] Log: Wrote profile (449 bytes) to disk.
[1229.35] Log: Wrote profile (449 bytes) to disk.
[2608.09] Log: Wrote profile (458 bytes) to disk.
[3921.71] Log: Wrote profile (458 bytes) to disk.
[4422.86] Log: Wrote profile (457 bytes) to disk.
[4933.00] Log: Wrote profile (457 bytes) to disk.
[5123.52] Log: Wrote profile (458 bytes) to disk.
[5305.97] Log: Primary PhysX scene will be in software.
[5305.97] Log: Creating Primary PhysX Scene.
[5310.48] Log: Wrote profile (461 bytes) to disk.
[5367.63] Log: Primary PhysX scene will be in software.
[5367.63] Log: Creating Primary PhysX Scene.
[5367.65] Log: Bringing World menumap.TheWorld up for play (120) at 2024.11.06-17.52.55
[5367.65] Log: Bringing up level for play took: 1.086475
[5367.65] Log: Using cached profile data instead of reading
[5367.66] Log: Using cached profile data instead of reading
[5371.11] Log: Closing by request
[5371.14] Log: Preparing to exit.
[5371.48] Log: Game engine shut down
[5371.58] Log: Windows client shut down
[5371.59] Log: AK Audio shut down.
[5371.83] Log: Object subsystem successfully closed.
[5371.88] Log: Shutting down FaceFX...
[5371.88] Log: FaceFX shutdown.
[5372.07] Log: Exiting.
[5372.08] Log: Log file closed, 11/06/24 17:52:59
