Log: Log file open, 11/11/24 23:55:30
Log: WinSock: version 1.1 (2.2), MaxSocks=32767, MaxUdp=65467
Log: Version: 8638
Log: Compiled (32-bit): Apr 22 2019 22:05:48
Log: Changelist: 1890495
Log: Command line: 
Log: Base directory: E:\Games\Borderlands 2 - Remastered\Binaries\Win32\
[0000.60] Log: CPU Page size=4096, Processors=20
[0000.60] Log: High frequency timer resolution =10.000000 MHz
[0000.60] Log: Memory total: Physical=31.7GB Pagefile=37.7GB Virtual=4.0GB
[0000.60] Log: STEAMWORKS initialized 1
[0000.60] Log: Presizing for 0 objects not considered by GC, pre-allocating 0 bytes.
[0000.60] Log: Presizing GObjAvailable to 262144 slots (~1048576 bytes)
[0000.60] Log: Object subsystem initialized
[0000.60] Log:   Steamworks-provided language string: english
[0000.91] Log: OS stats:
[0000.91] Log: 	Windows 7 
[0000.91] Log: 	RemoteDesktop=0
[0000.91] Log: Memory stats:
[0000.91] Log: 	Physical: 32472MB
[0000.91] Log: 	Virtual: 4095MB
[0000.91] Log: 	PageFile: 38616MB
[0000.91] Log: CPU stats:
[0000.91] Log: 	MeasuredPerformanceTime: 41.543 (stored result)
[0000.91] Log: 	Hyperthreaded: 1
[0000.91] Log: 	NumProcessorsPerCPU: 1
[0000.91] Log: 	NumLogicalProcessors: 20
[0000.91] Log: 	NumPhysicalProcessors: 64
[0000.91] Log: 	MaxSpeed: 2700
[0000.91] Log: 	CurrentSpeed: 2700
[0000.91] Log: 	CoresPerProcessor: 64
[0000.91] Log: 	IsOnBattery: 0
[0000.91] Log: 	BatteryLevel: 79
[0000.91] Log: 	Manufacturer: Intel
[0000.91] Log: 	CPUName: INTEL Pentium-III
[0000.91] Log: 	L1CacheSize: -1
[0000.91] Log: 	L2CacheSize: -1
[0000.91] Log: 	Architecture: x86
[0000.91] Log: GPU stats:
[0000.91] Log: 	VendorID: 000010DE
[0000.91] Log: 	DeviceID: 000025A2
[0000.91] Log: 	DriverVersion: 32.0.15.6590
[0000.91] Log: 	DeviceName: NVIDIA GeForce RTX 3050 Laptop GPU
[0000.91] Log: 	DriverName: nvldumd.dll
[0000.91] Log: 	PixelShaderVersion: 3
[0000.91] Log: 	VertexShaderVersion: 3
[0000.91] Log: 	VRAMQuantity: 3072
[0000.91] Log: 	DedicatedVRAM: 3072
[0000.91] Log: 	AdapterCount: 2
[0000.91] Log: 	SupportsHardwareTnL: 1
[0000.91] Log: 	IsLowMemoryXPMachine: 0
[0000.92] Log: Machine  detected compatibility level: Composite: 4. CPU: 5. GPU: 4.
[0000.92] Log: Previous detected compatibility level: Composite: 2. CPU: 5. GPU: 2.
[0000.99] Log: Shader platform (RHI): PC-D3D-SM3
[0001.11] Log: PhysX GPU Support: ENABLED
[0001.37] Log: Initializing FaceFX...
[0001.37] Log: FaceFX 1.7.4 initialized.
[0005.18] Log: Finished loading startup packages in 3.68 seconds
[0005.18] Log: 155051 objects as part of root set at end of initial load.
[0005.18] Log: Initializing Engine...
[0005.20] Log: UEngine initialized
[0005.29] Log: AK Audio Device initialized.
[0005.36] Log: Client initialized
[0005.98] Log: Initializing Steamworks
[0006.35] Log: Primary PhysX scene will be in software.
[0006.35] Log: Creating Primary PhysX Scene.
[0006.36] Log: Bringing World menumap.TheWorld up for play (120) at 2024.11.11-23.55.35
[0006.37] Log: Bringing up level for play took: 0.101725
[0006.39] Log: Game engine initialized
[0006.40] Log: Initializing Engine Completed
[0023.91] Log: >>>>>>>>>>>>>> Initial startup: 23.91s <<<<<<<<<<<<<<<
[0044.56] Log: Primary PhysX scene will be in software.
[0044.56] Log: Creating Primary PhysX Scene.
[0044.57] Log: Bringing World ExampleEntry.TheWorld up for play (120) at 2024.11.11-23.56.14
[0044.57] Log: Bringing up level for play took: 0.012784
[0044.63] Log: Primary PhysX scene will be in software.
[0044.63] Log: Creating Primary PhysX Scene.
[0044.64] Log: Bringing World Loader.TheWorld up for play (120) at 2024.11.11-23.56.14
[0044.64] Log: Bringing up level for play took: 0.017500
[0044.64] Log: Using cached profile data instead of reading
[0044.64] Log: Using cached profile data instead of reading
[0048.46] Log: Failed to write profile (473 bytes) to disk!
[0113.44] Log: Failed to write profile (541 bytes) to disk!
[0399.46] Log: Failed to write profile (541 bytes) to disk!
[1023.04] Log: Failed to write profile (557 bytes) to disk!
[1287.09] Log: Primary PhysX scene will be in software.
[1287.09] Log: Creating Primary PhysX Scene.
[2035.64] Log: Failed to write profile (557 bytes) to disk!
[2086.13] Log: Primary PhysX scene will be in software.
[2086.13] Log: Creating Primary PhysX Scene.
[2160.01] Log: Failed to write profile (557 bytes) to disk!
[2174.50] Log: Failed to write profile (557 bytes) to disk!
[2480.74] Log: Failed to write profile (558 bytes) to disk!
[2511.36] Log: Failed to write profile (557 bytes) to disk!
[2522.92] Log: Failed to write profile (558 bytes) to disk!
[2536.65] Log: Primary PhysX scene will be in software.
[2536.65] Log: Creating Primary PhysX Scene.
[2831.29] Log: Primary PhysX scene will be in software.
[2831.29] Log: Creating Primary PhysX Scene.
[2981.15] Log: Failed to write profile (558 bytes) to disk!
[3075.45] Log: Primary PhysX scene will be in software.
[3075.45] Log: Creating Primary PhysX Scene.
[3270.57] Log: Failed to write profile (558 bytes) to disk!
[4369.67] Log: Failed to write profile (558 bytes) to disk!
[4557.45] Log: Failed to write profile (558 bytes) to disk!
[4949.11] Log: Failed to write profile (558 bytes) to disk!
[5022.87] Log: Failed to write profile (558 bytes) to disk!
[5448.02] Log: Failed to write profile (558 bytes) to disk!
[5642.01] Log: Failed to write profile (557 bytes) to disk!
[5967.25] Log: Failed to write profile (555 bytes) to disk!
[6498.41] Log: Failed to write profile (555 bytes) to disk!
[6881.33] Log: Failed to write profile (559 bytes) to disk!
[6964.41] Log: Primary PhysX scene will be in software.
[6964.41] Log: Creating Primary PhysX Scene.
[6996.36] Log: Primary PhysX scene will be in software.
[6996.36] Log: Creating Primary PhysX Scene.
[6996.38] Log: Bringing World menumap.TheWorld up for play (120) at 2024.11.12-01.52.05
[6996.38] Log: Bringing up level for play took: 0.999303
[6996.38] Log: Using cached profile data instead of reading
[6996.39] Log: Using cached profile data instead of reading
[6998.67] Log: Closing by request
[6998.69] Log: Preparing to exit.
[6998.97] Log: Game engine shut down
[6999.04] Log: Windows client shut down
[6999.05] Log: AK Audio shut down.
[6999.22] Log: Object subsystem successfully closed.
[6999.26] Log: Shutting down FaceFX...
[6999.26] Log: FaceFX shutdown.
[6999.35] Log: Exiting.
[6999.36] Log: Log file closed, 11/12/24 01:52:08
