Log: Log file open, 11/08/24 22:54:50
Log: WinSock: version 1.1 (2.2), MaxSocks=32767, MaxUdp=65467
Log: Version: 8638
Log: Compiled (32-bit): Apr 22 2019 22:05:48
Log: Changelist: 1890495
Log: Command line: 
Log: Base directory: E:\Games\Borderlands 2 - Remastered\Binaries\Win32\
[0000.46] Log: CPU Page size=4096, Processors=20
[0000.46] Log: High frequency timer resolution =10.000000 MHz
[0000.46] Log: Memory total: Physical=31.7GB Pagefile=37.7GB Virtual=4.0GB
[0000.46] Log: STEAMWORKS initialized 1
[0000.46] Log: Presizing for 0 objects not considered by GC, pre-allocating 0 bytes.
[0000.46] Log: Presizing GObjAvailable to 262144 slots (~1048576 bytes)
[0000.46] Log: Object subsystem initialized
[0000.46] Log:   Steamworks-provided language string: english
[0000.68] Log: OS stats:
[0000.68] Log: 	Windows 7 
[0000.68] Log: 	RemoteDesktop=0
[0000.68] Log: Memory stats:
[0000.68] Log: 	Physical: 32472MB
[0000.68] Log: 	Virtual: 4095MB
[0000.68] Log: 	PageFile: 38616MB
[0000.68] Log: CPU stats:
[0000.68] Log: 	MeasuredPerformanceTime: 41.543 (stored result)
[0000.68] Log: 	Hyperthreaded: 1
[0000.68] Log: 	NumProcessorsPerCPU: 1
[0000.68] Log: 	NumLogicalProcessors: 20
[0000.68] Log: 	NumPhysicalProcessors: 64
[0000.68] Log: 	MaxSpeed: 2700
[0000.68] Log: 	CurrentSpeed: 1489
[0000.68] Log: 	CoresPerProcessor: 64
[0000.68] Log: 	IsOnBattery: 0
[0000.68] Log: 	BatteryLevel: 79
[0000.68] Log: 	Manufacturer: Intel
[0000.68] Log: 	CPUName: INTEL Pentium-III
[0000.68] Log: 	L1CacheSize: -1
[0000.68] Log: 	L2CacheSize: -1
[0000.68] Log: 	Architecture: x86
[0000.68] Log: GPU stats:
[0000.68] Log: 	VendorID: 000010DE
[0000.68] Log: 	DeviceID: 000025A2
[0000.68] Log: 	DriverVersion: 32.0.15.6590
[0000.68] Log: 	DeviceName: NVIDIA GeForce RTX 3050 Laptop GPU
[0000.68] Log: 	DriverName: nvldumd.dll
[0000.68] Log: 	PixelShaderVersion: 3
[0000.68] Log: 	VertexShaderVersion: 3
[0000.68] Log: 	VRAMQuantity: 128
[0000.68] Log: 	DedicatedVRAM: 128
[0000.68] Log: 	AdapterCount: 1
[0000.68] Log: 	SupportsHardwareTnL: 1
[0000.68] Log: 	IsLowMemoryXPMachine: 0
[0000.68] Log: Machine  detected compatibility level: Composite: 2. CPU: 5. GPU: 2.
[0000.68] Log: Previous detected compatibility level: Composite: 2. CPU: 5. GPU: 2.
[0000.78] Log: Shader platform (RHI): PC-D3D-SM3
[0000.84] Log: PhysX GPU Support: ENABLED
[0001.01] Log: Initializing FaceFX...
[0001.01] Log: FaceFX 1.7.4 initialized.
[0005.05] Log: Finished loading startup packages in 3.95 seconds
[0005.06] Log: 155051 objects as part of root set at end of initial load.
[0005.06] Log: Initializing Engine...
[0005.08] Log: UEngine initialized
[0005.16] Log: AK Audio Device initialized.
[0005.20] Log: Client initialized
[0005.93] Log: Initializing Steamworks
[0006.32] Log: Primary PhysX scene will be in software.
[0006.32] Log: Creating Primary PhysX Scene.
[0006.34] Log: Bringing World menumap.TheWorld up for play (120) at 2024.11.08-22.54.56
[0006.35] Log: Bringing up level for play took: 0.103143
[0006.35] Log: Game engine initialized
[0006.37] Log: Initializing Engine Completed
[0023.69] Log: >>>>>>>>>>>>>> Initial startup: 23.69s <<<<<<<<<<<<<<<
[0050.94] Log: Primary PhysX scene will be in software.
[0050.94] Log: Creating Primary PhysX Scene.
[0050.95] Log: Bringing World ExampleEntry.TheWorld up for play (120) at 2024.11.08-22.55.40
[0050.95] Log: Bringing up level for play took: 0.015586
[0051.01] Log: Primary PhysX scene will be in software.
[0051.01] Log: Creating Primary PhysX Scene.
[0051.03] Log: Bringing World Loader.TheWorld up for play (120) at 2024.11.08-22.55.40
[0051.03] Log: Bringing up level for play took: 0.020956
[0051.03] Log: Using cached profile data instead of reading
[0051.03] Log: Using cached profile data instead of reading
[0055.78] Log: Failed to write profile (475 bytes) to disk!
[0113.63] Log: Failed to write profile (475 bytes) to disk!
[0603.03] Log: Primary PhysX scene will be in software.
[0603.03] Log: Creating Primary PhysX Scene.
[0741.41] Log: Failed to write profile (475 bytes) to disk!
[0753.98] Log: Primary PhysX scene will be in software.
[0753.98] Log: Creating Primary PhysX Scene.
[1034.64] Log: Failed to write profile (475 bytes) to disk!
[2220.61] Log: Primary PhysX scene will be in software.
[2220.61] Log: Creating Primary PhysX Scene.
[2526.65] Log: Failed to write profile (475 bytes) to disk!
[2543.79] Log: Primary PhysX scene will be in software.
[2543.79] Log: Creating Primary PhysX Scene.
[2597.86] Log: Failed to write profile (553 bytes) to disk!
[2630.73] Log: GObjObjects !!GROWING!! from 289000 to 397391 - Presize this array better in [Core.System]BaseObjObjectSize
[2662.36] Log: Primary PhysX scene will be in software.
[2662.36] Log: Creating Primary PhysX Scene.
[2662.39] Log: Bringing World menumap.TheWorld up for play (120) at 2024.11.08-23.39.12
[2662.39] Log: Bringing up level for play took: 0.298110
[2662.40] Log: Using cached profile data instead of reading
[2662.40] Log: Using cached profile data instead of reading
[2664.70] Log: Closing by request
[2664.74] Log: Preparing to exit.
[2665.05] Log: Game engine shut down
[2665.12] Log: Windows client shut down
[2665.14] Log: AK Audio shut down.
[2665.33] Log: Object subsystem successfully closed.
[2665.36] Log: Shutting down FaceFX...
[2665.36] Log: FaceFX shutdown.
[2665.45] Log: Exiting.
[2665.46] Log: Log file closed, 11/08/24 23:39:15
