Log: Log file open, 11/08/24 22:32:05
Log: WinSock: version 1.1 (2.2), MaxSocks=32767, MaxUdp=65467
Log: Version: 8638
Log: Compiled (32-bit): Apr 22 2019 22:05:48
Log: Changelist: 1890495
Log: Command line: 
Log: Base directory: E:\Games\Borderlands 2 - Remastered\Binaries\Win32\
[0000.58] Log: CPU Page size=4096, Processors=20
[0000.58] Log: High frequency timer resolution =10.000000 MHz
[0000.58] Log: Memory total: Physical=31.7GB Pagefile=37.7GB Virtual=4.0GB
[0000.58] Log: STEAMWORKS initialized 1
[0000.58] Log: Presizing for 0 objects not considered by GC, pre-allocating 0 bytes.
[0000.58] Log: Presizing GObjAvailable to 262144 slots (~1048576 bytes)
[0000.58] Log: Object subsystem initialized
[0000.58] Log:   Steamworks-provided language string: english
[0000.80] Log: OS stats:
[0000.80] Log: 	Windows 7 
[0000.80] Log: 	RemoteDesktop=0
[0000.80] Log: Memory stats:
[0000.80] Log: 	Physical: 32472MB
[0000.80] Log: 	Virtual: 4095MB
[0000.80] Log: 	PageFile: 38616MB
[0000.80] Log: CPU stats:
[0000.80] Log: 	MeasuredPerformanceTime: 41.543 (stored result)
[0000.80] Log: 	Hyperthreaded: 1
[0000.80] Log: 	NumProcessorsPerCPU: 1
[0000.80] Log: 	NumLogicalProcessors: 20
[0000.80] Log: 	NumPhysicalProcessors: 64
[0000.80] Log: 	MaxSpeed: 2700
[0000.80] Log: 	CurrentSpeed: 2700
[0000.80] Log: 	CoresPerProcessor: 64
[0000.80] Log: 	IsOnBattery: 0
[0000.80] Log: 	BatteryLevel: 79
[0000.80] Log: 	Manufacturer: Intel
[0000.80] Log: 	CPUName: INTEL Pentium-III
[0000.80] Log: 	L1CacheSize: -1
[0000.80] Log: 	L2CacheSize: -1
[0000.80] Log: 	Architecture: x86
[0000.80] Log: GPU stats:
[0000.80] Log: 	VendorID: 000010DE
[0000.80] Log: 	DeviceID: 000025A2
[0000.80] Log: 	DriverVersion: 32.0.15.6590
[0000.80] Log: 	DeviceName: NVIDIA GeForce RTX 3050 Laptop GPU
[0000.80] Log: 	DriverName: nvldumd.dll
[0000.80] Log: 	PixelShaderVersion: 3
[0000.80] Log: 	VertexShaderVersion: 3
[0000.80] Log: 	VRAMQuantity: 128
[0000.80] Log: 	DedicatedVRAM: 128
[0000.80] Log: 	AdapterCount: 1
[0000.80] Log: 	SupportsHardwareTnL: 1
[0000.80] Log: 	IsLowMemoryXPMachine: 0
[0000.80] Log: Machine  detected compatibility level: Composite: 2. CPU: 5. GPU: 2.
[0000.80] Log: Previous detected compatibility level: Composite: 2. CPU: 5. GPU: 2.
[0000.90] Log: Shader platform (RHI): PC-D3D-SM3
[0001.02] Log: PhysX GPU Support: ENABLED
[0001.27] Log: Initializing FaceFX...
[0001.27] Log: FaceFX 1.7.4 initialized.
[0005.37] Log: Finished loading startup packages in 3.97 seconds
[0005.38] Log: 155051 objects as part of root set at end of initial load.
[0005.38] Log: Initializing Engine...
[0005.40] Log: UEngine initialized
[0005.49] Log: AK Audio Device initialized.
[0005.53] Log: Client initialized
[0006.28] Log: Initializing Steamworks
[0006.63] Log: Primary PhysX scene will be in software.
[0006.63] Log: Creating Primary PhysX Scene.
[0006.65] Log: Bringing World menumap.TheWorld up for play (120) at 2024.11.08-22.32.11
[0006.65] Log: Bringing up level for play took: 0.107150
[0006.67] Log: Game engine initialized
[0006.68] Log: Initializing Engine Completed
[0008.37] Log: >>>>>>>>>>>>>> Initial startup: 8.37s <<<<<<<<<<<<<<<
[0029.42] Log: Primary PhysX scene will be in software.
[0029.42] Log: Creating Primary PhysX Scene.
[0029.43] Log: Bringing World ExampleEntry.TheWorld up for play (120) at 2024.11.08-22.32.33
[0029.43] Log: Bringing up level for play took: 0.014646
[0029.49] Log: Primary PhysX scene will be in software.
[0029.49] Log: Creating Primary PhysX Scene.
[0029.50] Log: Bringing World Loader.TheWorld up for play (120) at 2024.11.08-22.32.33
[0029.50] Log: Bringing up level for play took: 0.019421
[0029.50] Log: Using cached profile data instead of reading
[0029.50] Log: Using cached profile data instead of reading
[0031.13] Log: Failed to write profile (472 bytes) to disk!
[0065.73] Log: Failed to write profile (472 bytes) to disk!
[0549.39] Log: Failed to write profile (472 bytes) to disk!
[0917.25] Log: Failed to write profile (472 bytes) to disk!
[0921.32] Log: Primary PhysX scene will be in software.
[0921.32] Log: Creating Primary PhysX Scene.
[1013.36] Log: Failed to write profile (471 bytes) to disk!
[1117.73] Log: Failed to write profile (552 bytes) to disk!
[1127.31] Log: Failed to write profile (553 bytes) to disk!
[1135.69] Log: Failed to write profile (552 bytes) to disk!
[1143.47] Log: Failed to write profile (553 bytes) to disk!
[1159.92] Log: Failed to write profile (553 bytes) to disk!
[1167.58] Log: Failed to write profile (552 bytes) to disk!
[1175.47] Log: Failed to write profile (552 bytes) to disk!
[1182.99] Log: Failed to write profile (553 bytes) to disk!
[1197.48] Log: Primary PhysX scene will be in software.
[1197.48] Log: Creating Primary PhysX Scene.
[1197.49] Log: Bringing World menumap.TheWorld up for play (120) at 2024.11.08-22.52.01
[1197.50] Log: Bringing up level for play took: 1.293284
[1197.50] Log: Using cached profile data instead of reading
[1197.50] Log: Using cached profile data instead of reading
[1236.82] Log: Closing by request
[1236.86] Log: Preparing to exit.
[1237.13] Log: Game engine shut down
[1237.20] Log: Windows client shut down
[1237.21] Log: AK Audio shut down.
[1237.38] Log: Object subsystem successfully closed.
[1237.42] Log: Shutting down FaceFX...
[1237.42] Log: FaceFX shutdown.
[1237.50] Log: Exiting.
[1237.51] Log: Log file closed, 11/08/24 22:52:41
