Log: Log file open, 11/06/24 20:36:22
Log: WinSock: version 1.1 (2.2), MaxSocks=32767, MaxUdp=65467
Log: Version: 8638
Log: Compiled (32-bit): Apr 22 2019 22:05:48
Log: Changelist: 1890495
Log: Command line: 
Log: Base directory: E:\Games\Borderlands 2 - Remastered\Binaries\Win32\
[0000.55] Log: CPU Page size=4096, Processors=20
[0000.55] Log: High frequency timer resolution =10.000000 MHz
[0000.55] Log: Memory total: Physical=31.7GB Pagefile=37.2GB Virtual=4.0GB
[0000.55] Log: STEAMWORKS initialized 1
[0000.55] Log: Presizing for 0 objects not considered by GC, pre-allocating 0 bytes.
[0000.55] Log: Presizing GObjAvailable to 262144 slots (~1048576 bytes)
[0000.56] Log: Object subsystem initialized
[0000.56] Log:   Steamworks-provided language string: english
[0000.78] Log: OS stats:
[0000.78] Log: 	Windows 7 
[0000.78] Log: 	RemoteDesktop=0
[0000.78] Log: Memory stats:
[0000.78] Log: 	Physical: 32472MB
[0000.78] Log: 	Virtual: 4095MB
[0000.78] Log: 	PageFile: 38104MB
[0000.78] Log: CPU stats:
[0000.78] Log: 	MeasuredPerformanceTime: 41.543 (stored result)
[0000.78] Log: 	Hyperthreaded: 1
[0000.78] Log: 	NumProcessorsPerCPU: 1
[0000.78] Log: 	NumLogicalProcessors: 20
[0000.78] Log: 	NumPhysicalProcessors: 64
[0000.78] Log: 	MaxSpeed: 2700
[0000.78] Log: 	CurrentSpeed: 1489
[0000.78] Log: 	CoresPerProcessor: 64
[0000.78] Log: 	IsOnBattery: 0
[0000.78] Log: 	BatteryLevel: 79
[0000.78] Log: 	Manufacturer: Intel
[0000.78] Log: 	CPUName: INTEL Pentium-III
[0000.78] Log: 	L1CacheSize: -1
[0000.78] Log: 	L2CacheSize: -1
[0000.78] Log: 	Architecture: x86
[0000.78] Log: GPU stats:
[0000.78] Log: 	VendorID: 000010DE
[0000.78] Log: 	DeviceID: 000025A2
[0000.78] Log: 	DriverVersion: 32.0.15.6590
[0000.78] Log: 	DeviceName: NVIDIA GeForce RTX 3050 Laptop GPU
[0000.78] Log: 	DriverName: nvldumd.dll
[0000.78] Log: 	PixelShaderVersion: 3
[0000.78] Log: 	VertexShaderVersion: 3
[0000.78] Log: 	VRAMQuantity: 128
[0000.78] Log: 	DedicatedVRAM: 128
[0000.78] Log: 	AdapterCount: 1
[0000.78] Log: 	SupportsHardwareTnL: 1
[0000.78] Log: 	IsLowMemoryXPMachine: 0
[0000.78] Log: Machine  detected compatibility level: Composite: 2. CPU: 5. GPU: 2.
[0000.78] Log: Previous detected compatibility level: Composite: 2. CPU: 5. GPU: 2.
[0000.88] Log: Shader platform (RHI): PC-D3D-SM3
[0000.94] Log: PhysX GPU Support: ENABLED
[0001.09] Log: Initializing FaceFX...
[0001.09] Log: FaceFX 1.7.4 initialized.
[0005.15] Log: Finished loading startup packages in 3.95 seconds
[0005.16] Log: 155051 objects as part of root set at end of initial load.
[0005.16] Log: Initializing Engine...
[0005.18] Log: UEngine initialized
[0005.26] Log: AK Audio Device initialized.
[0005.30] Log: Client initialized
[0006.85] Log: Initializing Steamworks
[0007.18] Log: Primary PhysX scene will be in software.
[0007.18] Log: Creating Primary PhysX Scene.
[0007.20] Log: Bringing World menumap.TheWorld up for play (120) at 2024.11.06-20.36.29
[0007.21] Log: Bringing up level for play took: 0.135136
[0007.21] Log: Game engine initialized
[0007.23] Log: Initializing Engine Completed
[0010.38] Log: >>>>>>>>>>>>>> Initial startup: 10.38s <<<<<<<<<<<<<<<
[0039.07] Log: Primary PhysX scene will be in software.
[0039.07] Log: Creating Primary PhysX Scene.
[0039.08] Log: Bringing World ExampleEntry.TheWorld up for play (120) at 2024.11.06-20.37.01
[0039.08] Log: Bringing up level for play took: 0.015222
[0039.14] Log: Primary PhysX scene will be in software.
[0039.14] Log: Creating Primary PhysX Scene.
[0039.16] Log: Bringing World Loader.TheWorld up for play (120) at 2024.11.06-20.37.01
[0039.16] Log: Bringing up level for play took: 0.020823
[0039.16] Log: Using cached profile data instead of reading
[0039.16] Log: Using cached profile data instead of reading
[0148.01] Log: Wrote profile (461 bytes) to disk.
[0500.11] Log: Wrote profile (461 bytes) to disk.
[0938.77] Log: Wrote profile (468 bytes) to disk.
[1172.90] Log: Wrote profile (451 bytes) to disk.
[1340.14] Log: Wrote profile (451 bytes) to disk.
[1377.28] Log: Primary PhysX scene will be in software.
[1377.28] Log: Creating Primary PhysX Scene.
[1405.47] Log: Primary PhysX scene will be in software.
[1405.47] Log: Creating Primary PhysX Scene.
[1937.16] Log: Wrote profile (452 bytes) to disk.
[2565.20] Log: Wrote profile (452 bytes) to disk.
[2588.18] Log: Primary PhysX scene will be in software.
[2588.18] Log: Creating Primary PhysX Scene.
[3762.50] Log: Wrote profile (453 bytes) to disk.
[4312.88] Log: Wrote profile (453 bytes) to disk.
[4835.17] Log: Wrote profile (453 bytes) to disk.
[4848.42] Log: Primary PhysX scene will be in software.
[4848.42] Log: Creating Primary PhysX Scene.
[5290.84] Log: Primary PhysX scene will be in software.
[5290.84] Log: Creating Primary PhysX Scene.
[5737.75] Log: Wrote profile (454 bytes) to disk.
[6572.31] Log: Wrote profile (454 bytes) to disk.
[6586.92] Log: Primary PhysX scene will be in software.
[6586.92] Log: Creating Primary PhysX Scene.
[6586.94] Log: Bringing World menumap.TheWorld up for play (120) at 2024.11.06-22.26.08
[6586.94] Log: Bringing up level for play took: 1.154585
[6586.94] Log: Using cached profile data instead of reading
[6586.95] Log: Using cached profile data instead of reading
[6590.83] Log: Closing by request
[6590.85] Log: Preparing to exit.
[6591.16] Log: Game engine shut down
[6591.27] Log: Windows client shut down
[6591.28] Log: AK Audio shut down.
[6591.52] Log: Object subsystem successfully closed.
[6591.55] Log: Shutting down FaceFX...
[6591.56] Log: FaceFX shutdown.
[6591.65] Log: Exiting.
[6591.66] Log: Log file closed, 11/06/24 22:26:13
