Log: Log file open, 11/07/24 22:56:45
Log: WinSock: version 1.1 (2.2), MaxSocks=32767, MaxUdp=65467
Log: Version: 8638
Log: Compiled (32-bit): Apr 22 2019 22:05:48
Log: Changelist: 1890495
Log: Command line: 
Log: Base directory: E:\Games\Borderlands 2 - Remastered\Binaries\Win32\
[0000.57] Log: CPU Page size=4096, Processors=20
[0000.57] Log: High frequency timer resolution =10.000000 MHz
[0000.57] Log: Memory total: Physical=31.7GB Pagefile=37.5GB Virtual=4.0GB
[0000.57] Log: STEAMWORKS initialized 1
[0000.57] Log: Presizing for 0 objects not considered by GC, pre-allocating 0 bytes.
[0000.57] Log: Presizing GObjAvailable to 262144 slots (~1048576 bytes)
[0000.57] Log: Object subsystem initialized
[0000.57] Log:   Steamworks-provided language string: english
[0000.80] Log: OS stats:
[0000.80] Log: 	Windows 7 
[0000.80] Log: 	RemoteDesktop=0
[0000.80] Log: Memory stats:
[0000.80] Log: 	Physical: 32472MB
[0000.80] Log: 	Virtual: 4095MB
[0000.80] Log: 	PageFile: 38360MB
[0000.80] Log: CPU stats:
[0000.80] Log: 	MeasuredPerformanceTime: 41.543 (stored result)
[0000.80] Log: 	Hyperthreaded: 1
[0000.80] Log: 	NumProcessorsPerCPU: 1
[0000.80] Log: 	NumLogicalProcessors: 20
[0000.80] Log: 	NumPhysicalProcessors: 64
[0000.80] Log: 	MaxSpeed: 2700
[0000.80] Log: 	CurrentSpeed: 1489
[0000.80] Log: 	CoresPerProcessor: 64
[0000.80] Log: 	IsOnBattery: 0
[0000.80] Log: 	BatteryLevel: 79
[0000.80] Log: 	Manufacturer: Intel
[0000.80] Log: 	CPUName: INTEL Pentium-III
[0000.80] Log: 	L1CacheSize: -1
[0000.80] Log: 	L2CacheSize: -1
[0000.80] Log: 	Architecture: x86
[0000.80] Log: GPU stats:
[0000.80] Log: 	VendorID: 000010DE
[0000.80] Log: 	DeviceID: 000025A2
[0000.80] Log: 	DriverVersion: 32.0.15.6590
[0000.80] Log: 	DeviceName: NVIDIA GeForce RTX 3050 Laptop GPU
[0000.80] Log: 	DriverName: nvldumd.dll
[0000.80] Log: 	PixelShaderVersion: 3
[0000.80] Log: 	VertexShaderVersion: 3
[0000.80] Log: 	VRAMQuantity: 128
[0000.80] Log: 	DedicatedVRAM: 128
[0000.80] Log: 	AdapterCount: 1
[0000.80] Log: 	SupportsHardwareTnL: 1
[0000.80] Log: 	IsLowMemoryXPMachine: 0
[0000.80] Log: Machine  detected compatibility level: Composite: 2. CPU: 5. GPU: 2.
[0000.80] Log: Previous detected compatibility level: Composite: 2. CPU: 5. GPU: 2.
[0000.90] Log: Shader platform (RHI): PC-D3D-SM3
[0000.96] Log: PhysX GPU Support: ENABLED
[0001.12] Log: Initializing FaceFX...
[0001.12] Log: FaceFX 1.7.4 initialized.
[0005.04] Log: Finished loading startup packages in 3.82 seconds
[0005.04] Log: 155051 objects as part of root set at end of initial load.
[0005.04] Log: Initializing Engine...
[0005.06] Log: UEngine initialized
[0005.14] Log: AK Audio Device initialized.
[0005.18] Log: Client initialized
[0006.52] Log: Initializing Steamworks
[0006.79] Log: Primary PhysX scene will be in software.
[0006.79] Log: Creating Primary PhysX Scene.
[0006.80] Log: Bringing World menumap.TheWorld up for play (120) at 2024.11.07-22.56.51
[0006.81] Log: Bringing up level for play took: 0.097933
[0006.81] Log: Game engine initialized
[0006.83] Log: Initializing Engine Completed
[0008.60] Log: >>>>>>>>>>>>>> Initial startup: 8.60s <<<<<<<<<<<<<<<
[0026.30] Log: Primary PhysX scene will be in software.
[0026.30] Log: Creating Primary PhysX Scene.
[0026.31] Log: Bringing World ExampleEntry.TheWorld up for play (120) at 2024.11.07-22.57.11
[0026.31] Log: Bringing up level for play took: 0.014287
[0026.37] Log: Primary PhysX scene will be in software.
[0026.37] Log: Creating Primary PhysX Scene.
[0026.38] Log: Bringing World Loader.TheWorld up for play (120) at 2024.11.07-22.57.11
[0026.39] Log: Bringing up level for play took: 0.021203
[0026.39] Log: Using cached profile data instead of reading
[0026.39] Log: Using cached profile data instead of reading
[0059.82] Log: GObjObjects !!GROWING!! from 289000 to 397391 - Presize this array better in [Core.System]BaseObjObjectSize
[0315.63] Log: Wrote profile (458 bytes) to disk.
[0533.71] Log: Wrote profile (457 bytes) to disk.
[0552.66] Log: Primary PhysX scene will be in software.
[0552.66] Log: Creating Primary PhysX Scene.
[1547.47] Log: Primary PhysX scene will be in software.
[1547.47] Log: Creating Primary PhysX Scene.
[1685.66] Log: Setting resolution to 1920 x 1080. Fullscreen: 0, WindowedFullscreen: 1
[1685.94] Log: Switch Fullscreen set to 0
[1685.94] Log: Switch WindowedFullscreen set to 1
[1760.30] Log: Wrote profile (457 bytes) to disk.
[1760.97] Log: Primary PhysX scene will be in software.
[1760.97] Log: Creating Primary PhysX Scene.
[1760.99] Log: Bringing World menumap.TheWorld up for play (120) at 2024.11.07-23.26.05
[1761.00] Log: Bringing up level for play took: 0.303708
[1761.00] Log: Using cached profile data instead of reading
[1761.03] Log: Using cached profile data instead of reading
[1764.00] Log: Closing by request
[1764.03] Log: Preparing to exit.
[1764.31] Log: Game engine shut down
[1764.40] Log: Windows client shut down
[1764.41] Log: AK Audio shut down.
[1764.58] Log: Object subsystem successfully closed.
[1764.61] Log: Shutting down FaceFX...
[1764.61] Log: FaceFX shutdown.
[1764.69] Log: Exiting.
[1764.70] Log: Log file closed, 11/07/24 23:26:09
